<?xml version="1.0" encoding="UTF-8"?>
<!-- Generated by org.testng.reporters.JUnitReportReporter -->
<testsuite hostname="Abhinav-VAIO" name="com.CloudCover.Automation.Tests.LoginPageTest" tests="1" failures="0" timestamp="9 Feb 2020 12:05:46 GMT" time="13.337" errors="0">
  <testcase name="logintest" time="13.337" classname="com.CloudCover.Automation.Tests.LoginPageTest"/>
</testsuite> <!-- com.CloudCover.Automation.Tests.LoginPageTest -->
