<?xml version="1.0" encoding="UTF-8"?>
<!-- Generated by org.testng.reporters.JUnitReportReporter -->
<testsuite hostname="Abhinav-VAIO" name="com.CloudCover.Automation.Base.Test" tests="1" failures="0" timestamp="8 Feb 2020 14:04:37 GMT" time="27.536" errors="0">
  <testcase name="test" time="27.536" classname="com.CloudCover.Automation.Base.Test"/>
</testsuite> <!-- com.CloudCover.Automation.Base.Test -->
